{
  "RSpec": {
    "coverage": {
      "/Users/mathie/Development/Personal/wine_db/config/environment.rb": [
        null,
        1,
        null,
        null,
        1
      ],
      "/Users/mathie/Development/Personal/wine_db/config/application.rb": [
        1,
        null,
        null,
        1,
        1,
        1,
        1,
        1,
        1,
        1,
        null,
        null,
        null,
        null,
        1,
        null,
        1,
        1,
        null,
        null,
        null,
        null,
        null,
        null,
        null,
        null,
        null,
        null,
        null,
        null,
        null,
        1,
        null,
        null
      ],
      "/Users/mathie/Development/Personal/wine_db/config/boot.rb": [
        1,
        null,
        1
      ],
      "/Users/mathie/Development/Personal/wine_db/config/environments/test.rb": [
        1,
        null,
        null,
        null,
        null,
        null,
        null,
        1,
        null,
        null,
        null,
        null,
        1,
        null,
        null,
        1,
        1,
        null,
        null,
        1,
        1,
        null,
        null,
        1,
        null,
        null,
        1,
        null,
        null,
        null,
        null,
        1,
        null,
        null,
        1,
        null,
        null,
        1,
        null,
        null,
        null,
        null
      ],
      "/Users/mathie/Development/Personal/wine_db/config/initializers/assets.rb": [
        null,
        null,
        null,
        1,
        null,
        null,
        null,
        null,
        null,
        null,
        null
      ],
      "/Users/mathie/Development/Personal/wine_db/config/initializers/backtrace_silencers.rb": [
        null,
        null,
        null,
        null,
        null,
        null,
        null
      ],
      "/Users/mathie/Development/Personal/wine_db/config/initializers/cookies_serializer.rb": [
        null,
        null,
        1
      ],
      "/Users/mathie/Development/Personal/wine_db/config/initializers/filter_parameter_logging.rb": [
        null,
        null,
        null,
        1
      ],
      "/Users/mathie/Development/Personal/wine_db/config/initializers/inflections.rb": [
        null,
        null,
        null,
        null,
        null,
        null,
        null,
        null,
        null,
        null,
        null,
        null,
        null,
        null,
        null,
        null
      ],
      "/Users/mathie/Development/Personal/wine_db/config/initializers/mime_types.rb": [
        null,
        null,
        null,
        null
      ],
      "/Users/mathie/Development/Personal/wine_db/config/initializers/session_store.rb": [
        null,
        null,
        1
      ],
      "/Users/mathie/Development/Personal/wine_db/config/initializers/wrap_parameters.rb": [
        null,
        null,
        null,
        null,
        null,
        null,
        1,
        1,
        null,
        null,
        null,
        null,
        null,
        null
      ],
      "/Users/mathie/Development/Personal/wine_db/config/routes.rb": [
        1,
        1,
        null,
        1,
        1,
        null,
        null,
        1,
        1,
        null,
        null,
        1,
        1,
        1,
        null,
        null,
        1,
        null,
        1,
        null
      ],
      "/Users/mathie/Development/Personal/wine_db/app/helpers/application_helper.rb": [
        1,
        null
      ],
      "/Users/mathie/Development/Personal/wine_db/app/controllers/classifications_controller.rb": [
        1,
        1,
        4,
        null,
        null,
        1,
        4,
        null,
        null
      ],
      "/Users/mathie/Development/Personal/wine_db/app/controllers/application_controller.rb": [
        1,
        null,
        null,
        1,
        null,
        1,
        1,
        20,
        null,
        null
      ],
      "/Users/mathie/Development/Personal/wine_db/app/controllers/locations_controller.rb": [
        1,
        1,
        4,
        null,
        null,
        1,
        4,
        null,
        null,
        1,
        1,
        4,
        0,
        0,
        null,
        4,
        null,
        null,
        null
      ],
      "/Users/mathie/Development/Personal/wine_db/app/controllers/lwin_identifiers_controller.rb": [
        1,
        1,
        4,
        null,
        null,
        1,
        4,
        null,
        null
      ],
      "/Users/mathie/Development/Personal/wine_db/app/controllers/pages_controller.rb": [
        1,
        1,
        null,
        null
      ],
      "/Users/mathie/Development/Personal/wine_db/app/controllers/producers_controller.rb": [
        1,
        1,
        4,
        null,
        null,
        1,
        4,
        null,
        null
      ],
      "/Users/mathie/Development/Personal/wine_db/app/controllers/wines_controller.rb": [
        1,
        1,
        4,
        null,
        null,
        1,
        4,
        null,
        null,
        1,
        1,
        4,
        0,
        0,
        4,
        0,
        0,
        4,
        0,
        0,
        null,
        4,
        null,
        null,
        null
      ],
      "/Users/mathie/Development/Personal/wine_db/app/models/classification.rb": [
        1,
        1,
        null,
        1,
        null,
        1,
        null,
        1,
        0,
        null,
        null,
        1,
        0,
        null,
        null
      ],
      "/Users/mathie/Development/Personal/wine_db/app/models/importers/lwin/identifier_validator.rb": [
        1,
        1,
        null,
        1,
        1,
        6,
        null,
        null,
        null,
        null
      ],
      "/Users/mathie/Development/Personal/wine_db/app/models/importers/lwin/importer.rb": [
        1,
        null,
        1,
        1,
        1,
        1,
        0,
        null,
        null,
        1,
        0,
        0,
        null,
        0,
        0,
        null,
        0,
        null,
        null,
        null,
        0,
        null,
        0,
        0,
        null,
        0,
        null,
        null,
        null,
        0,
        null,
        null,
        null,
        1,
        1,
        0,
        0,
        null,
        null,
        null,
        null,
        null,
        null,
        0,
        null,
        null,
        null,
        null,
        null,
        null,
        null,
        0,
        null,
        null,
        1,
        0,
        0,
        0,
        0,
        0,
        0,
        null,
        0,
        0,
        null,
        null,
        null,
        null,
        null,
        null,
        null,
        null,
        0,
        null,
        null,
        null,
        null,
        null,
        null,
        null,
        null,
        null,
        0,
        null,
        null,
        1,
        0,
        null,
        null,
        1,
        0,
        0,
        null,
        null,
        null,
        null,
        null,
        1,
        0,
        0,
        null,
        null,
        null,
        null,
        null,
        1,
        0,
        null,
        0,
        null,
        0,
        null,
        0,
        null,
        null,
        null,
        1,
        0,
        0,
        0,
        null,
        null,
        null,
        null,
        null
      ],
      "/Users/mathie/Development/Personal/wine_db/app/models/importers/lwin/spreadsheet.rb": [
        1,
        1,
        1,
        null,
        null,
        1,
        1,
        7,
        null,
        null,
        7,
        1,
        null,
        null,
        null,
        1,
        0,
        null,
        null,
        1,
        2,
        null,
        null,
        1,
        1,
        null,
        null,
        1,
        3,
        36,
        null,
        null,
        null,
        1,
        null,
        1,
        null,
        null,
        null,
        null,
        7,
        null,
        null,
        1,
        5,
        null,
        null,
        null,
        null
      ],
      "/Users/mathie/Development/Personal/wine_db/app/models/importers/lwin/lwin_wine.rb": [
        1,
        1,
        1,
        1,
        1,
        null,
        1,
        null,
        1,
        1,
        null,
        1,
        40,
        null,
        16,
        null,
        null,
        null,
        null,
        null,
        null,
        null,
        null,
        null,
        null,
        null,
        null,
        null,
        16,
        null,
        null,
        null,
        null,
        null,
        null,
        null,
        null,
        null,
        null,
        null,
        null,
        null,
        null,
        7,
        null,
        null,
        null,
        null,
        1,
        null,
        null,
        null,
        1,
        39,
        39,
        382,
        null,
        null,
        null,
        1,
        1,
        null,
        1,
        3,
        null,
        null,
        null,
        null
      ],
      "/Users/mathie/Development/Personal/wine_db/app/models/importers/lwin/row.rb": [
        1,
        1,
        1,
        1,
        null,
        1,
        106,
        null,
        null,
        1,
        0,
        null,
        null,
        null,
        null,
        0,
        null,
        0,
        null,
        null,
        1,
        41,
        null,
        null,
        1,
        82,
        null,
        null,
        1,
        35,
        null,
        null,
        1,
        35,
        null,
        null,
        1,
        35,
        null,
        null,
        1,
        35,
        null,
        null,
        1,
        35,
        null,
        null,
        1,
        35,
        null,
        null,
        1,
        35,
        null,
        null,
        1,
        35,
        null,
        null,
        1,
        35,
        null,
        null,
        1,
        20,
        null,
        null,
        1,
        82,
        null,
        null,
        1,
        1,
        null,
        1,
        458,
        458,
        339,
        null,
        null,
        null,
        null,
        null,
        1,
        119,
        null,
        null,
        1,
        140,
        77,
        null,
        null,
        null,
        null,
        null
      ],
      "/Users/mathie/Development/Personal/wine_db/app/models/location.rb": [
        1,
        1,
        1,
        1,
        null,
        1,
        null,
        1,
        null,
        1,
        9,
        9,
        7,
        7,
        4,
        null,
        3,
        null,
        null,
        2,
        null,
        null,
        null,
        1,
        0,
        null,
        null,
        1,
        0,
        0,
        null,
        0,
        null,
        null,
        null
      ],
      "/Users/mathie/Development/Personal/wine_db/app/models/lwin_identifier.rb": [
        1,
        1,
        null,
        null,
        null,
        null,
        null,
        1,
        null,
        1,
        1,
        1,
        1,
        null,
        1,
        0,
        null,
        null
      ],
      "/Users/mathie/Development/Personal/wine_db/app/models/producer.rb": [
        1,
        1,
        null,
        1,
        null,
        1,
        0,
        null,
        null
      ],
      "/Users/mathie/Development/Personal/wine_db/app/models/wine.rb": [
        1,
        1,
        1,
        null,
        null,
        null,
        null,
        null,
        null,
        null,
        null,
        null,
        null,
        null,
        null,
        null,
        null,
        null,
        null,
        null,
        null,
        1,
        1,
        1,
        1,
        null,
        1,
        1,
        1,
        1,
        null,
        1,
        0,
        null,
        null,
        1,
        0,
        null,
        null,
        1,
        0,
        null,
        null
      ],
      "/Users/mathie/Development/Personal/wine_db/app/models/importers/lwin/live_wine.rb": [
        1,
        1,
        1,
        1,
        null,
        null,
        null
      ],
      "/Users/mathie/Development/Personal/wine_db/app/models/importers/lwin/base_wine.rb": [
        1,
        1,
        1,
        1,
        null,
        null,
        null,
        null
      ],
      "/Users/mathie/Development/Personal/wine_db/app/models/importers/lwin/combined_wine.rb": [
        1,
        1,
        1,
        1,
        null,
        1,
        null,
        null,
        null
      ],
      "/Users/mathie/Development/Personal/wine_db/app/models/importers/lwin/deleted_wine.rb": [
        1,
        1,
        1,
        null,
        null,
        null
      ]
    },
    "timestamp": 1421681324
  }
}
